<?xml version="1.0" encoding="UTF-8"?>
<!-- Generated by org.testng.reporters.JUnitReportReporter -->
<testsuite hostname="DESKTOP-J4GKK6P" failures="0" tests="3" name="com.store.TestCases.TC_ProductPageTest" time="13.252" errors="0" timestamp="2025-01-04T00:00:10 IST" skipped="0">
  <testcase classname="com.store.TestCases.TC_ProductPageTest" name="verifySearchProduct" time="4.007"/>
  <testcase classname="com.store.TestCases.TC_ProductPageTest" name="verifySearchProduct" time="5.072"/>
  <testcase classname="com.store.TestCases.TC_ProductPageTest" name="verifySearchProduct" time="4.173"/>
</testsuite> <!-- com.store.TestCases.TC_ProductPageTest -->
