<?xml version="1.0" encoding="UTF-8"?>
<!-- Generated by org.testng.reporters.JUnitReportReporter -->
<testsuite hostname="DESKTOP-J4GKK6P" failures="0" tests="3" name="com.store.TestCases.TC_MyAccountPageTestDataDriven" time="6.827" errors="0" timestamp="2025-01-03T23:56:30 IST" skipped="1">
  <testcase classname="com.store.TestCases.TC_MyAccountPageTestDataDriven" name="verifyLogin" time="3.132"/>
  <testcase classname="com.store.TestCases.TC_MyAccountPageTestDataDriven" name="verifyLogin" time="3.695"/>
  <testcase classname="com.store.TestCases.TC_MyAccountPageTestDataDriven" name="verifyRegistrationAndLogin">
    <skipped/>
  </testcase> <!-- verifyRegistrationAndLogin -->
</testsuite> <!-- com.store.TestCases.TC_MyAccountPageTestDataDriven -->
