<?xml version="1.0" encoding="UTF-8"?>
<!-- Generated by org.testng.reporters.JUnitReportReporter -->
<testsuite hostname="Avinash" failures="0" tests="1" name="com.store.TestCases.TC_ProductPageTest" time="4.509" errors="0" timestamp="2025-01-04T14:12:08 IST" skipped="0">
  <testcase classname="com.store.TestCases.TC_ProductPageTest" name="verifySearchProduct" time="4.509"/>
</testsuite> <!-- com.store.TestCases.TC_ProductPageTest -->
