<?xml version="1.0" encoding="UTF-8"?>
<!-- Generated by org.testng.reporters.JUnitReportReporter -->
<testsuite hostname="Avinash" failures="0" tests="3" name="com.store.TestCases.TC_MyAccountPageTestDataDriven" time="6.501" errors="0" timestamp="2025-01-04T14:12:08 IST" skipped="1">
  <testcase classname="com.store.TestCases.TC_MyAccountPageTestDataDriven" name="verifyLogin" time="2.937"/>
  <testcase classname="com.store.TestCases.TC_MyAccountPageTestDataDriven" name="verifyLogin" time="3.564"/>
  <testcase classname="com.store.TestCases.TC_MyAccountPageTestDataDriven" name="verifyRegistrationAndLogin">
    <skipped/>
  </testcase> <!-- verifyRegistrationAndLogin -->
</testsuite> <!-- com.store.TestCases.TC_MyAccountPageTestDataDriven -->
